C:\USERS\LINDSEY\DOCUMENTS\VISUAL STUDIO 2012\PROJECTS\HIERARCHY\DEBUG\SIMPLEGLUT.PCH
C:\USERS\LINDSEY\DOCUMENTS\VISUAL STUDIO 2012\PROJECTS\HIERARCHY\DEBUG\STDAFX.OBJ
C:\USERS\LINDSEY\DOCUMENTS\VISUAL STUDIO 2012\PROJECTS\HIERARCHY\DEBUG\VC110.PDB
C:\USERS\LINDSEY\DOCUMENTS\VISUAL STUDIO 2012\PROJECTS\HIERARCHY\DEBUG\SIMPLEGLUT.OBJ
C:\USERS\LINDSEY\DOCUMENTS\VISUAL STUDIO 2012\PROJECTS\HIERARCHY\DEBUG\LAB01.OBJ
C:\USERS\LINDSEY\DOCUMENTS\VISUAL STUDIO 2012\PROJECTS\HIERARCHY\DEBUG\LAB02.OBJ
C:\USERS\LINDSEY\DOCUMENTS\VISUAL STUDIO 2012\PROJECTS\HIERARCHY\DEBUG\LAB03.OBJ
C:\USERS\LINDSEY\DOCUMENTS\VISUAL STUDIO 2012\PROJECTS\HIERARCHY\DEBUG\LAB04.OBJ
C:\USERS\LINDSEY\DOCUMENTS\VISUAL STUDIO 2012\PROJECTS\HIERARCHY\DEBUG\LAB05.OBJ
C:\USERS\LINDSEY\DOCUMENTS\VISUAL STUDIO 2012\PROJECTS\HIERARCHY\DEBUG\BOX.OBJ
C:\USERS\LINDSEY\DOCUMENTS\VISUAL STUDIO 2012\PROJECTS\HIERARCHY\DEBUG\SIMPLEGLUT.ILK
C:\USERS\LINDSEY\DOCUMENTS\VISUAL STUDIO 2012\PROJECTS\HIERARCHY\DEBUG\SIMPLEGLUT.EXE
C:\USERS\LINDSEY\DOCUMENTS\VISUAL STUDIO 2012\PROJECTS\HIERARCHY\DEBUG\SIMPLEGLUT.PDB
C:\USERS\LINDSEY\DOCUMENTS\VISUAL STUDIO 2012\PROJECTS\HIERARCHY\DEBUG\SIMPLEGLUT.RES
C:\Users\Lindsey\Documents\Visual Studio 2012\Projects\hierarchy\Debug\Box.obj
C:\Users\Lindsey\Documents\Visual Studio 2012\Projects\hierarchy\Debug\lab01.obj
C:\Users\Lindsey\Documents\Visual Studio 2012\Projects\hierarchy\Debug\lab02.obj
C:\Users\Lindsey\Documents\Visual Studio 2012\Projects\hierarchy\Debug\lab03.obj
C:\Users\Lindsey\Documents\Visual Studio 2012\Projects\hierarchy\Debug\lab04.obj
C:\Users\Lindsey\Documents\Visual Studio 2012\Projects\hierarchy\Debug\lab05.obj
C:\Users\Lindsey\Documents\Visual Studio 2012\Projects\hierarchy\Debug\SimpleGlut.obj
C:\Users\Lindsey\Documents\Visual Studio 2012\Projects\hierarchy\Debug\StdAfx.obj
C:\Users\Lindsey\Documents\Visual Studio 2012\Projects\hierarchy\Debug\SimpleGLUT.ilk
C:\Users\Lindsey\Documents\Visual Studio 2012\Projects\hierarchy\Debug\cl.command.1.tlog
C:\Users\Lindsey\Documents\Visual Studio 2012\Projects\hierarchy\Debug\CL.read.1.tlog
C:\Users\Lindsey\Documents\Visual Studio 2012\Projects\hierarchy\Debug\CL.write.1.tlog
C:\Users\Lindsey\Documents\Visual Studio 2012\Projects\hierarchy\Debug\link-cvtres.read.1.tlog
C:\Users\Lindsey\Documents\Visual Studio 2012\Projects\hierarchy\Debug\link-cvtres.write.1.tlog
C:\Users\Lindsey\Documents\Visual Studio 2012\Projects\hierarchy\Debug\link-rc.read.1.tlog
C:\Users\Lindsey\Documents\Visual Studio 2012\Projects\hierarchy\Debug\link-rc.write.1.tlog
C:\Users\Lindsey\Documents\Visual Studio 2012\Projects\hierarchy\Debug\link.10136-cvtres.read.1.tlog
C:\Users\Lindsey\Documents\Visual Studio 2012\Projects\hierarchy\Debug\link.10136-cvtres.write.1.tlog
C:\Users\Lindsey\Documents\Visual Studio 2012\Projects\hierarchy\Debug\link.10136-rc.read.1.tlog
C:\Users\Lindsey\Documents\Visual Studio 2012\Projects\hierarchy\Debug\link.10136-rc.write.1.tlog
C:\Users\Lindsey\Documents\Visual Studio 2012\Projects\hierarchy\Debug\link.10136.read.1.tlog
C:\Users\Lindsey\Documents\Visual Studio 2012\Projects\hierarchy\Debug\link.10136.write.1.tlog
C:\Users\Lindsey\Documents\Visual Studio 2012\Projects\hierarchy\Debug\link.10364-cvtres.read.1.tlog
C:\Users\Lindsey\Documents\Visual Studio 2012\Projects\hierarchy\Debug\link.10364-cvtres.write.1.tlog
C:\Users\Lindsey\Documents\Visual Studio 2012\Projects\hierarchy\Debug\link.10364-rc.read.1.tlog
C:\Users\Lindsey\Documents\Visual Studio 2012\Projects\hierarchy\Debug\link.10364-rc.write.1.tlog
C:\Users\Lindsey\Documents\Visual Studio 2012\Projects\hierarchy\Debug\link.10364.read.1.tlog
C:\Users\Lindsey\Documents\Visual Studio 2012\Projects\hierarchy\Debug\link.10364.write.1.tlog
C:\Users\Lindsey\Documents\Visual Studio 2012\Projects\hierarchy\Debug\link.10404-cvtres.read.1.tlog
C:\Users\Lindsey\Documents\Visual Studio 2012\Projects\hierarchy\Debug\link.10404-cvtres.write.1.tlog
C:\Users\Lindsey\Documents\Visual Studio 2012\Projects\hierarchy\Debug\link.10404-rc.read.1.tlog
C:\Users\Lindsey\Documents\Visual Studio 2012\Projects\hierarchy\Debug\link.10404-rc.write.1.tlog
C:\Users\Lindsey\Documents\Visual Studio 2012\Projects\hierarchy\Debug\link.10404.read.1.tlog
C:\Users\Lindsey\Documents\Visual Studio 2012\Projects\hierarchy\Debug\link.10404.write.1.tlog
C:\Users\Lindsey\Documents\Visual Studio 2012\Projects\hierarchy\Debug\link.10556-cvtres.read.1.tlog
C:\Users\Lindsey\Documents\Visual Studio 2012\Projects\hierarchy\Debug\link.10556-cvtres.write.1.tlog
C:\Users\Lindsey\Documents\Visual Studio 2012\Projects\hierarchy\Debug\link.10556-rc.read.1.tlog
C:\Users\Lindsey\Documents\Visual Studio 2012\Projects\hierarchy\Debug\link.10556-rc.write.1.tlog
C:\Users\Lindsey\Documents\Visual Studio 2012\Projects\hierarchy\Debug\link.10556.read.1.tlog
C:\Users\Lindsey\Documents\Visual Studio 2012\Projects\hierarchy\Debug\link.10556.write.1.tlog
C:\Users\Lindsey\Documents\Visual Studio 2012\Projects\hierarchy\Debug\link.10752-cvtres.read.1.tlog
C:\Users\Lindsey\Documents\Visual Studio 2012\Projects\hierarchy\Debug\link.10752-cvtres.write.1.tlog
C:\Users\Lindsey\Documents\Visual Studio 2012\Projects\hierarchy\Debug\link.10752-rc.read.1.tlog
C:\Users\Lindsey\Documents\Visual Studio 2012\Projects\hierarchy\Debug\link.10752-rc.write.1.tlog
C:\Users\Lindsey\Documents\Visual Studio 2012\Projects\hierarchy\Debug\link.10752.read.1.tlog
C:\Users\Lindsey\Documents\Visual Studio 2012\Projects\hierarchy\Debug\link.10752.write.1.tlog
C:\Users\Lindsey\Documents\Visual Studio 2012\Projects\hierarchy\Debug\link.10820-cvtres.read.1.tlog
C:\Users\Lindsey\Documents\Visual Studio 2012\Projects\hierarchy\Debug\link.10820-cvtres.write.1.tlog
C:\Users\Lindsey\Documents\Visual Studio 2012\Projects\hierarchy\Debug\link.10820-rc.read.1.tlog
C:\Users\Lindsey\Documents\Visual Studio 2012\Projects\hierarchy\Debug\link.10820-rc.write.1.tlog
C:\Users\Lindsey\Documents\Visual Studio 2012\Projects\hierarchy\Debug\link.10820.read.1.tlog
C:\Users\Lindsey\Documents\Visual Studio 2012\Projects\hierarchy\Debug\link.10820.write.1.tlog
C:\Users\Lindsey\Documents\Visual Studio 2012\Projects\hierarchy\Debug\link.10932-cvtres.read.1.tlog
C:\Users\Lindsey\Documents\Visual Studio 2012\Projects\hierarchy\Debug\link.10932-cvtres.write.1.tlog
C:\Users\Lindsey\Documents\Visual Studio 2012\Projects\hierarchy\Debug\link.10932-rc.read.1.tlog
C:\Users\Lindsey\Documents\Visual Studio 2012\Projects\hierarchy\Debug\link.10932-rc.write.1.tlog
C:\Users\Lindsey\Documents\Visual Studio 2012\Projects\hierarchy\Debug\link.10932.read.1.tlog
C:\Users\Lindsey\Documents\Visual Studio 2012\Projects\hierarchy\Debug\link.10932.write.1.tlog
C:\Users\Lindsey\Documents\Visual Studio 2012\Projects\hierarchy\Debug\link.11184-cvtres.read.1.tlog
C:\Users\Lindsey\Documents\Visual Studio 2012\Projects\hierarchy\Debug\link.11184-cvtres.write.1.tlog
C:\Users\Lindsey\Documents\Visual Studio 2012\Projects\hierarchy\Debug\link.11184-rc.read.1.tlog
C:\Users\Lindsey\Documents\Visual Studio 2012\Projects\hierarchy\Debug\link.11184-rc.write.1.tlog
C:\Users\Lindsey\Documents\Visual Studio 2012\Projects\hierarchy\Debug\link.11184.read.1.tlog
C:\Users\Lindsey\Documents\Visual Studio 2012\Projects\hierarchy\Debug\link.11184.write.1.tlog
C:\Users\Lindsey\Documents\Visual Studio 2012\Projects\hierarchy\Debug\link.11320-cvtres.read.1.tlog
C:\Users\Lindsey\Documents\Visual Studio 2012\Projects\hierarchy\Debug\link.11320-cvtres.write.1.tlog
C:\Users\Lindsey\Documents\Visual Studio 2012\Projects\hierarchy\Debug\link.11320-rc.read.1.tlog
C:\Users\Lindsey\Documents\Visual Studio 2012\Projects\hierarchy\Debug\link.11320-rc.write.1.tlog
C:\Users\Lindsey\Documents\Visual Studio 2012\Projects\hierarchy\Debug\link.11320.read.1.tlog
C:\Users\Lindsey\Documents\Visual Studio 2012\Projects\hierarchy\Debug\link.11320.write.1.tlog
C:\Users\Lindsey\Documents\Visual Studio 2012\Projects\hierarchy\Debug\link.11396-cvtres.read.1.tlog
C:\Users\Lindsey\Documents\Visual Studio 2012\Projects\hierarchy\Debug\link.11396-cvtres.write.1.tlog
C:\Users\Lindsey\Documents\Visual Studio 2012\Projects\hierarchy\Debug\link.11396-rc.read.1.tlog
C:\Users\Lindsey\Documents\Visual Studio 2012\Projects\hierarchy\Debug\link.11396-rc.write.1.tlog
C:\Users\Lindsey\Documents\Visual Studio 2012\Projects\hierarchy\Debug\link.11396.read.1.tlog
C:\Users\Lindsey\Documents\Visual Studio 2012\Projects\hierarchy\Debug\link.11396.write.1.tlog
C:\Users\Lindsey\Documents\Visual Studio 2012\Projects\hierarchy\Debug\link.11776-cvtres.read.1.tlog
C:\Users\Lindsey\Documents\Visual Studio 2012\Projects\hierarchy\Debug\link.11776-cvtres.write.1.tlog
C:\Users\Lindsey\Documents\Visual Studio 2012\Projects\hierarchy\Debug\link.11776-rc.read.1.tlog
C:\Users\Lindsey\Documents\Visual Studio 2012\Projects\hierarchy\Debug\link.11776-rc.write.1.tlog
C:\Users\Lindsey\Documents\Visual Studio 2012\Projects\hierarchy\Debug\link.11776.read.1.tlog
C:\Users\Lindsey\Documents\Visual Studio 2012\Projects\hierarchy\Debug\link.11776.write.1.tlog
C:\Users\Lindsey\Documents\Visual Studio 2012\Projects\hierarchy\Debug\link.11824-cvtres.read.1.tlog
C:\Users\Lindsey\Documents\Visual Studio 2012\Projects\hierarchy\Debug\link.11824-cvtres.write.1.tlog
C:\Users\Lindsey\Documents\Visual Studio 2012\Projects\hierarchy\Debug\link.11824-rc.read.1.tlog
C:\Users\Lindsey\Documents\Visual Studio 2012\Projects\hierarchy\Debug\link.11824-rc.write.1.tlog
C:\Users\Lindsey\Documents\Visual Studio 2012\Projects\hierarchy\Debug\link.11824.read.1.tlog
C:\Users\Lindsey\Documents\Visual Studio 2012\Projects\hierarchy\Debug\link.11824.write.1.tlog
C:\Users\Lindsey\Documents\Visual Studio 2012\Projects\hierarchy\Debug\link.12040-cvtres.read.1.tlog
C:\Users\Lindsey\Documents\Visual Studio 2012\Projects\hierarchy\Debug\link.12040-cvtres.write.1.tlog
C:\Users\Lindsey\Documents\Visual Studio 2012\Projects\hierarchy\Debug\link.12040-rc.read.1.tlog
C:\Users\Lindsey\Documents\Visual Studio 2012\Projects\hierarchy\Debug\link.12040-rc.write.1.tlog
C:\Users\Lindsey\Documents\Visual Studio 2012\Projects\hierarchy\Debug\link.12040.read.1.tlog
C:\Users\Lindsey\Documents\Visual Studio 2012\Projects\hierarchy\Debug\link.12040.write.1.tlog
C:\Users\Lindsey\Documents\Visual Studio 2012\Projects\hierarchy\Debug\link.12108-cvtres.read.1.tlog
C:\Users\Lindsey\Documents\Visual Studio 2012\Projects\hierarchy\Debug\link.12108-cvtres.write.1.tlog
C:\Users\Lindsey\Documents\Visual Studio 2012\Projects\hierarchy\Debug\link.12108-rc.read.1.tlog
C:\Users\Lindsey\Documents\Visual Studio 2012\Projects\hierarchy\Debug\link.12108-rc.write.1.tlog
C:\Users\Lindsey\Documents\Visual Studio 2012\Projects\hierarchy\Debug\link.12108.read.1.tlog
C:\Users\Lindsey\Documents\Visual Studio 2012\Projects\hierarchy\Debug\link.12108.write.1.tlog
C:\Users\Lindsey\Documents\Visual Studio 2012\Projects\hierarchy\Debug\link.12276-cvtres.read.1.tlog
C:\Users\Lindsey\Documents\Visual Studio 2012\Projects\hierarchy\Debug\link.12276-cvtres.write.1.tlog
C:\Users\Lindsey\Documents\Visual Studio 2012\Projects\hierarchy\Debug\link.12276-rc.read.1.tlog
C:\Users\Lindsey\Documents\Visual Studio 2012\Projects\hierarchy\Debug\link.12276-rc.write.1.tlog
C:\Users\Lindsey\Documents\Visual Studio 2012\Projects\hierarchy\Debug\link.12276.read.1.tlog
C:\Users\Lindsey\Documents\Visual Studio 2012\Projects\hierarchy\Debug\link.12276.write.1.tlog
C:\Users\Lindsey\Documents\Visual Studio 2012\Projects\hierarchy\Debug\link.12284-cvtres.read.1.tlog
C:\Users\Lindsey\Documents\Visual Studio 2012\Projects\hierarchy\Debug\link.12284-cvtres.write.1.tlog
C:\Users\Lindsey\Documents\Visual Studio 2012\Projects\hierarchy\Debug\link.12284-rc.read.1.tlog
C:\Users\Lindsey\Documents\Visual Studio 2012\Projects\hierarchy\Debug\link.12284-rc.write.1.tlog
C:\Users\Lindsey\Documents\Visual Studio 2012\Projects\hierarchy\Debug\link.12284.read.1.tlog
C:\Users\Lindsey\Documents\Visual Studio 2012\Projects\hierarchy\Debug\link.12284.write.1.tlog
C:\Users\Lindsey\Documents\Visual Studio 2012\Projects\hierarchy\Debug\link.12456-cvtres.read.1.tlog
C:\Users\Lindsey\Documents\Visual Studio 2012\Projects\hierarchy\Debug\link.12456-cvtres.write.1.tlog
C:\Users\Lindsey\Documents\Visual Studio 2012\Projects\hierarchy\Debug\link.12456-rc.read.1.tlog
C:\Users\Lindsey\Documents\Visual Studio 2012\Projects\hierarchy\Debug\link.12456-rc.write.1.tlog
C:\Users\Lindsey\Documents\Visual Studio 2012\Projects\hierarchy\Debug\link.12456.read.1.tlog
C:\Users\Lindsey\Documents\Visual Studio 2012\Projects\hierarchy\Debug\link.12456.write.1.tlog
C:\Users\Lindsey\Documents\Visual Studio 2012\Projects\hierarchy\Debug\link.12988-cvtres.read.1.tlog
C:\Users\Lindsey\Documents\Visual Studio 2012\Projects\hierarchy\Debug\link.12988-cvtres.write.1.tlog
C:\Users\Lindsey\Documents\Visual Studio 2012\Projects\hierarchy\Debug\link.12988-rc.read.1.tlog
C:\Users\Lindsey\Documents\Visual Studio 2012\Projects\hierarchy\Debug\link.12988-rc.write.1.tlog
C:\Users\Lindsey\Documents\Visual Studio 2012\Projects\hierarchy\Debug\link.12988.read.1.tlog
C:\Users\Lindsey\Documents\Visual Studio 2012\Projects\hierarchy\Debug\link.12988.write.1.tlog
C:\Users\Lindsey\Documents\Visual Studio 2012\Projects\hierarchy\Debug\link.13016-cvtres.read.1.tlog
C:\Users\Lindsey\Documents\Visual Studio 2012\Projects\hierarchy\Debug\link.13016-cvtres.write.1.tlog
C:\Users\Lindsey\Documents\Visual Studio 2012\Projects\hierarchy\Debug\link.13016-rc.read.1.tlog
C:\Users\Lindsey\Documents\Visual Studio 2012\Projects\hierarchy\Debug\link.13016-rc.write.1.tlog
C:\Users\Lindsey\Documents\Visual Studio 2012\Projects\hierarchy\Debug\link.13016.read.1.tlog
C:\Users\Lindsey\Documents\Visual Studio 2012\Projects\hierarchy\Debug\link.13016.write.1.tlog
C:\Users\Lindsey\Documents\Visual Studio 2012\Projects\hierarchy\Debug\link.13196-cvtres.read.1.tlog
C:\Users\Lindsey\Documents\Visual Studio 2012\Projects\hierarchy\Debug\link.13196-cvtres.write.1.tlog
C:\Users\Lindsey\Documents\Visual Studio 2012\Projects\hierarchy\Debug\link.13196-rc.read.1.tlog
C:\Users\Lindsey\Documents\Visual Studio 2012\Projects\hierarchy\Debug\link.13196-rc.write.1.tlog
C:\Users\Lindsey\Documents\Visual Studio 2012\Projects\hierarchy\Debug\link.13196.read.1.tlog
C:\Users\Lindsey\Documents\Visual Studio 2012\Projects\hierarchy\Debug\link.13196.write.1.tlog
C:\Users\Lindsey\Documents\Visual Studio 2012\Projects\hierarchy\Debug\link.13252-cvtres.read.1.tlog
C:\Users\Lindsey\Documents\Visual Studio 2012\Projects\hierarchy\Debug\link.13252-cvtres.write.1.tlog
C:\Users\Lindsey\Documents\Visual Studio 2012\Projects\hierarchy\Debug\link.13252-rc.read.1.tlog
C:\Users\Lindsey\Documents\Visual Studio 2012\Projects\hierarchy\Debug\link.13252-rc.write.1.tlog
C:\Users\Lindsey\Documents\Visual Studio 2012\Projects\hierarchy\Debug\link.13252.read.1.tlog
C:\Users\Lindsey\Documents\Visual Studio 2012\Projects\hierarchy\Debug\link.13252.write.1.tlog
C:\Users\Lindsey\Documents\Visual Studio 2012\Projects\hierarchy\Debug\link.2032-cvtres.read.1.tlog
C:\Users\Lindsey\Documents\Visual Studio 2012\Projects\hierarchy\Debug\link.2032-cvtres.write.1.tlog
C:\Users\Lindsey\Documents\Visual Studio 2012\Projects\hierarchy\Debug\link.2032-rc.read.1.tlog
C:\Users\Lindsey\Documents\Visual Studio 2012\Projects\hierarchy\Debug\link.2032-rc.write.1.tlog
C:\Users\Lindsey\Documents\Visual Studio 2012\Projects\hierarchy\Debug\link.2032.read.1.tlog
C:\Users\Lindsey\Documents\Visual Studio 2012\Projects\hierarchy\Debug\link.2032.write.1.tlog
C:\Users\Lindsey\Documents\Visual Studio 2012\Projects\hierarchy\Debug\link.3232-cvtres.read.1.tlog
C:\Users\Lindsey\Documents\Visual Studio 2012\Projects\hierarchy\Debug\link.3232-cvtres.write.1.tlog
C:\Users\Lindsey\Documents\Visual Studio 2012\Projects\hierarchy\Debug\link.3232-rc.read.1.tlog
C:\Users\Lindsey\Documents\Visual Studio 2012\Projects\hierarchy\Debug\link.3232-rc.write.1.tlog
C:\Users\Lindsey\Documents\Visual Studio 2012\Projects\hierarchy\Debug\link.3232.read.1.tlog
C:\Users\Lindsey\Documents\Visual Studio 2012\Projects\hierarchy\Debug\link.3232.write.1.tlog
C:\Users\Lindsey\Documents\Visual Studio 2012\Projects\hierarchy\Debug\link.4716-cvtres.read.1.tlog
C:\Users\Lindsey\Documents\Visual Studio 2012\Projects\hierarchy\Debug\link.4716-cvtres.write.1.tlog
C:\Users\Lindsey\Documents\Visual Studio 2012\Projects\hierarchy\Debug\link.4716-rc.read.1.tlog
C:\Users\Lindsey\Documents\Visual Studio 2012\Projects\hierarchy\Debug\link.4716-rc.write.1.tlog
C:\Users\Lindsey\Documents\Visual Studio 2012\Projects\hierarchy\Debug\link.4716.read.1.tlog
C:\Users\Lindsey\Documents\Visual Studio 2012\Projects\hierarchy\Debug\link.4716.write.1.tlog
C:\Users\Lindsey\Documents\Visual Studio 2012\Projects\hierarchy\Debug\link.5572-cvtres.read.1.tlog
C:\Users\Lindsey\Documents\Visual Studio 2012\Projects\hierarchy\Debug\link.5572-cvtres.write.1.tlog
C:\Users\Lindsey\Documents\Visual Studio 2012\Projects\hierarchy\Debug\link.5572-rc.read.1.tlog
C:\Users\Lindsey\Documents\Visual Studio 2012\Projects\hierarchy\Debug\link.5572-rc.write.1.tlog
C:\Users\Lindsey\Documents\Visual Studio 2012\Projects\hierarchy\Debug\link.5572.read.1.tlog
C:\Users\Lindsey\Documents\Visual Studio 2012\Projects\hierarchy\Debug\link.5572.write.1.tlog
C:\Users\Lindsey\Documents\Visual Studio 2012\Projects\hierarchy\Debug\link.6360-cvtres.read.1.tlog
C:\Users\Lindsey\Documents\Visual Studio 2012\Projects\hierarchy\Debug\link.6360-cvtres.write.1.tlog
C:\Users\Lindsey\Documents\Visual Studio 2012\Projects\hierarchy\Debug\link.6360-rc.read.1.tlog
C:\Users\Lindsey\Documents\Visual Studio 2012\Projects\hierarchy\Debug\link.6360-rc.write.1.tlog
C:\Users\Lindsey\Documents\Visual Studio 2012\Projects\hierarchy\Debug\link.6360.read.1.tlog
C:\Users\Lindsey\Documents\Visual Studio 2012\Projects\hierarchy\Debug\link.6360.write.1.tlog
C:\Users\Lindsey\Documents\Visual Studio 2012\Projects\hierarchy\Debug\link.6636-cvtres.read.1.tlog
C:\Users\Lindsey\Documents\Visual Studio 2012\Projects\hierarchy\Debug\link.6636-cvtres.write.1.tlog
C:\Users\Lindsey\Documents\Visual Studio 2012\Projects\hierarchy\Debug\link.6636-rc.read.1.tlog
C:\Users\Lindsey\Documents\Visual Studio 2012\Projects\hierarchy\Debug\link.6636-rc.write.1.tlog
C:\Users\Lindsey\Documents\Visual Studio 2012\Projects\hierarchy\Debug\link.6636.read.1.tlog
C:\Users\Lindsey\Documents\Visual Studio 2012\Projects\hierarchy\Debug\link.6636.write.1.tlog
C:\Users\Lindsey\Documents\Visual Studio 2012\Projects\hierarchy\Debug\link.6880-cvtres.read.1.tlog
C:\Users\Lindsey\Documents\Visual Studio 2012\Projects\hierarchy\Debug\link.6880-cvtres.write.1.tlog
C:\Users\Lindsey\Documents\Visual Studio 2012\Projects\hierarchy\Debug\link.6880-rc.read.1.tlog
C:\Users\Lindsey\Documents\Visual Studio 2012\Projects\hierarchy\Debug\link.6880-rc.write.1.tlog
C:\Users\Lindsey\Documents\Visual Studio 2012\Projects\hierarchy\Debug\link.6880.read.1.tlog
C:\Users\Lindsey\Documents\Visual Studio 2012\Projects\hierarchy\Debug\link.6880.write.1.tlog
C:\Users\Lindsey\Documents\Visual Studio 2012\Projects\hierarchy\Debug\link.6932-cvtres.read.1.tlog
C:\Users\Lindsey\Documents\Visual Studio 2012\Projects\hierarchy\Debug\link.6932-cvtres.write.1.tlog
C:\Users\Lindsey\Documents\Visual Studio 2012\Projects\hierarchy\Debug\link.6932-rc.read.1.tlog
C:\Users\Lindsey\Documents\Visual Studio 2012\Projects\hierarchy\Debug\link.6932-rc.write.1.tlog
C:\Users\Lindsey\Documents\Visual Studio 2012\Projects\hierarchy\Debug\link.6932.read.1.tlog
C:\Users\Lindsey\Documents\Visual Studio 2012\Projects\hierarchy\Debug\link.6932.write.1.tlog
C:\Users\Lindsey\Documents\Visual Studio 2012\Projects\hierarchy\Debug\link.7080-cvtres.read.1.tlog
C:\Users\Lindsey\Documents\Visual Studio 2012\Projects\hierarchy\Debug\link.7080-cvtres.write.1.tlog
C:\Users\Lindsey\Documents\Visual Studio 2012\Projects\hierarchy\Debug\link.7080-rc.read.1.tlog
C:\Users\Lindsey\Documents\Visual Studio 2012\Projects\hierarchy\Debug\link.7080-rc.write.1.tlog
C:\Users\Lindsey\Documents\Visual Studio 2012\Projects\hierarchy\Debug\link.7080.read.1.tlog
C:\Users\Lindsey\Documents\Visual Studio 2012\Projects\hierarchy\Debug\link.7080.write.1.tlog
C:\Users\Lindsey\Documents\Visual Studio 2012\Projects\hierarchy\Debug\link.7240-cvtres.read.1.tlog
C:\Users\Lindsey\Documents\Visual Studio 2012\Projects\hierarchy\Debug\link.7240-cvtres.write.1.tlog
C:\Users\Lindsey\Documents\Visual Studio 2012\Projects\hierarchy\Debug\link.7240-rc.read.1.tlog
C:\Users\Lindsey\Documents\Visual Studio 2012\Projects\hierarchy\Debug\link.7240-rc.write.1.tlog
C:\Users\Lindsey\Documents\Visual Studio 2012\Projects\hierarchy\Debug\link.7240.read.1.tlog
C:\Users\Lindsey\Documents\Visual Studio 2012\Projects\hierarchy\Debug\link.7240.write.1.tlog
C:\Users\Lindsey\Documents\Visual Studio 2012\Projects\hierarchy\Debug\link.7268-cvtres.read.1.tlog
C:\Users\Lindsey\Documents\Visual Studio 2012\Projects\hierarchy\Debug\link.7268-cvtres.write.1.tlog
C:\Users\Lindsey\Documents\Visual Studio 2012\Projects\hierarchy\Debug\link.7268-rc.read.1.tlog
C:\Users\Lindsey\Documents\Visual Studio 2012\Projects\hierarchy\Debug\link.7268-rc.write.1.tlog
C:\Users\Lindsey\Documents\Visual Studio 2012\Projects\hierarchy\Debug\link.7268.read.1.tlog
C:\Users\Lindsey\Documents\Visual Studio 2012\Projects\hierarchy\Debug\link.7268.write.1.tlog
C:\Users\Lindsey\Documents\Visual Studio 2012\Projects\hierarchy\Debug\link.7604-cvtres.read.1.tlog
C:\Users\Lindsey\Documents\Visual Studio 2012\Projects\hierarchy\Debug\link.7604-cvtres.write.1.tlog
C:\Users\Lindsey\Documents\Visual Studio 2012\Projects\hierarchy\Debug\link.7604-rc.read.1.tlog
C:\Users\Lindsey\Documents\Visual Studio 2012\Projects\hierarchy\Debug\link.7604-rc.write.1.tlog
C:\Users\Lindsey\Documents\Visual Studio 2012\Projects\hierarchy\Debug\link.7604.read.1.tlog
C:\Users\Lindsey\Documents\Visual Studio 2012\Projects\hierarchy\Debug\link.7604.write.1.tlog
C:\Users\Lindsey\Documents\Visual Studio 2012\Projects\hierarchy\Debug\link.7620-cvtres.read.1.tlog
C:\Users\Lindsey\Documents\Visual Studio 2012\Projects\hierarchy\Debug\link.7620-cvtres.write.1.tlog
C:\Users\Lindsey\Documents\Visual Studio 2012\Projects\hierarchy\Debug\link.7620-rc.read.1.tlog
C:\Users\Lindsey\Documents\Visual Studio 2012\Projects\hierarchy\Debug\link.7620-rc.write.1.tlog
C:\Users\Lindsey\Documents\Visual Studio 2012\Projects\hierarchy\Debug\link.7620.read.1.tlog
C:\Users\Lindsey\Documents\Visual Studio 2012\Projects\hierarchy\Debug\link.7620.write.1.tlog
C:\Users\Lindsey\Documents\Visual Studio 2012\Projects\hierarchy\Debug\link.7788-cvtres.read.1.tlog
C:\Users\Lindsey\Documents\Visual Studio 2012\Projects\hierarchy\Debug\link.7788-cvtres.write.1.tlog
C:\Users\Lindsey\Documents\Visual Studio 2012\Projects\hierarchy\Debug\link.7788-rc.read.1.tlog
C:\Users\Lindsey\Documents\Visual Studio 2012\Projects\hierarchy\Debug\link.7788-rc.write.1.tlog
C:\Users\Lindsey\Documents\Visual Studio 2012\Projects\hierarchy\Debug\link.7788.read.1.tlog
C:\Users\Lindsey\Documents\Visual Studio 2012\Projects\hierarchy\Debug\link.7788.write.1.tlog
C:\Users\Lindsey\Documents\Visual Studio 2012\Projects\hierarchy\Debug\link.8628-cvtres.read.1.tlog
C:\Users\Lindsey\Documents\Visual Studio 2012\Projects\hierarchy\Debug\link.8628-cvtres.write.1.tlog
C:\Users\Lindsey\Documents\Visual Studio 2012\Projects\hierarchy\Debug\link.8628-rc.read.1.tlog
C:\Users\Lindsey\Documents\Visual Studio 2012\Projects\hierarchy\Debug\link.8628-rc.write.1.tlog
C:\Users\Lindsey\Documents\Visual Studio 2012\Projects\hierarchy\Debug\link.8628.read.1.tlog
C:\Users\Lindsey\Documents\Visual Studio 2012\Projects\hierarchy\Debug\link.8628.write.1.tlog
C:\Users\Lindsey\Documents\Visual Studio 2012\Projects\hierarchy\Debug\link.8920-cvtres.read.1.tlog
C:\Users\Lindsey\Documents\Visual Studio 2012\Projects\hierarchy\Debug\link.8920-cvtres.write.1.tlog
C:\Users\Lindsey\Documents\Visual Studio 2012\Projects\hierarchy\Debug\link.8920-rc.read.1.tlog
C:\Users\Lindsey\Documents\Visual Studio 2012\Projects\hierarchy\Debug\link.8920-rc.write.1.tlog
C:\Users\Lindsey\Documents\Visual Studio 2012\Projects\hierarchy\Debug\link.8920.read.1.tlog
C:\Users\Lindsey\Documents\Visual Studio 2012\Projects\hierarchy\Debug\link.8920.write.1.tlog
C:\Users\Lindsey\Documents\Visual Studio 2012\Projects\hierarchy\Debug\link.9388-cvtres.read.1.tlog
C:\Users\Lindsey\Documents\Visual Studio 2012\Projects\hierarchy\Debug\link.9388-cvtres.write.1.tlog
C:\Users\Lindsey\Documents\Visual Studio 2012\Projects\hierarchy\Debug\link.9388-rc.read.1.tlog
C:\Users\Lindsey\Documents\Visual Studio 2012\Projects\hierarchy\Debug\link.9388-rc.write.1.tlog
C:\Users\Lindsey\Documents\Visual Studio 2012\Projects\hierarchy\Debug\link.9388.read.1.tlog
C:\Users\Lindsey\Documents\Visual Studio 2012\Projects\hierarchy\Debug\link.9388.write.1.tlog
C:\Users\Lindsey\Documents\Visual Studio 2012\Projects\hierarchy\Debug\link.9424-cvtres.read.1.tlog
C:\Users\Lindsey\Documents\Visual Studio 2012\Projects\hierarchy\Debug\link.9424-cvtres.write.1.tlog
C:\Users\Lindsey\Documents\Visual Studio 2012\Projects\hierarchy\Debug\link.9424-rc.read.1.tlog
C:\Users\Lindsey\Documents\Visual Studio 2012\Projects\hierarchy\Debug\link.9424-rc.write.1.tlog
C:\Users\Lindsey\Documents\Visual Studio 2012\Projects\hierarchy\Debug\link.9424.read.1.tlog
C:\Users\Lindsey\Documents\Visual Studio 2012\Projects\hierarchy\Debug\link.9424.write.1.tlog
C:\Users\Lindsey\Documents\Visual Studio 2012\Projects\hierarchy\Debug\link.9460-cvtres.read.1.tlog
C:\Users\Lindsey\Documents\Visual Studio 2012\Projects\hierarchy\Debug\link.9460-cvtres.write.1.tlog
C:\Users\Lindsey\Documents\Visual Studio 2012\Projects\hierarchy\Debug\link.9460-rc.read.1.tlog
C:\Users\Lindsey\Documents\Visual Studio 2012\Projects\hierarchy\Debug\link.9460-rc.write.1.tlog
C:\Users\Lindsey\Documents\Visual Studio 2012\Projects\hierarchy\Debug\link.9460.read.1.tlog
C:\Users\Lindsey\Documents\Visual Studio 2012\Projects\hierarchy\Debug\link.9460.write.1.tlog
C:\Users\Lindsey\Documents\Visual Studio 2012\Projects\hierarchy\Debug\link.9516-cvtres.read.1.tlog
C:\Users\Lindsey\Documents\Visual Studio 2012\Projects\hierarchy\Debug\link.9516-cvtres.write.1.tlog
C:\Users\Lindsey\Documents\Visual Studio 2012\Projects\hierarchy\Debug\link.9516-rc.read.1.tlog
C:\Users\Lindsey\Documents\Visual Studio 2012\Projects\hierarchy\Debug\link.9516-rc.write.1.tlog
C:\Users\Lindsey\Documents\Visual Studio 2012\Projects\hierarchy\Debug\link.9516.read.1.tlog
C:\Users\Lindsey\Documents\Visual Studio 2012\Projects\hierarchy\Debug\link.9516.write.1.tlog
C:\Users\Lindsey\Documents\Visual Studio 2012\Projects\hierarchy\Debug\link.9544-cvtres.read.1.tlog
C:\Users\Lindsey\Documents\Visual Studio 2012\Projects\hierarchy\Debug\link.9544-cvtres.write.1.tlog
C:\Users\Lindsey\Documents\Visual Studio 2012\Projects\hierarchy\Debug\link.9544-rc.read.1.tlog
C:\Users\Lindsey\Documents\Visual Studio 2012\Projects\hierarchy\Debug\link.9544-rc.write.1.tlog
C:\Users\Lindsey\Documents\Visual Studio 2012\Projects\hierarchy\Debug\link.9544.read.1.tlog
C:\Users\Lindsey\Documents\Visual Studio 2012\Projects\hierarchy\Debug\link.9544.write.1.tlog
C:\Users\Lindsey\Documents\Visual Studio 2012\Projects\hierarchy\Debug\link.command.1.tlog
C:\Users\Lindsey\Documents\Visual Studio 2012\Projects\hierarchy\Debug\link.read.1.tlog
C:\Users\Lindsey\Documents\Visual Studio 2012\Projects\hierarchy\Debug\link.write.1.tlog
C:\Users\Lindsey\Documents\Visual Studio 2012\Projects\hierarchy\Debug\rc.command.1.tlog
C:\Users\Lindsey\Documents\Visual Studio 2012\Projects\hierarchy\Debug\rc.read.1.tlog
C:\Users\Lindsey\Documents\Visual Studio 2012\Projects\hierarchy\Debug\rc.write.1.tlog
C:\Users\Lindsey\Documents\Visual Studio 2012\Projects\hierarchy\Debug\simpleGlut.res
C:\Users\Lindsey\Documents\Visual Studio 2012\Projects\hierarchy\Debug\SimpleGLUT.pch
C:\Users\Lindsey\Documents\Visual Studio 2012\Projects\hierarchy\Debug\vc110.idb
C:\Users\Lindsey\Documents\Visual Studio 2012\Projects\hierarchy\Debug\SimpleGLUT.pdb
C:\Users\Lindsey\Documents\Visual Studio 2012\Projects\hierarchy\Debug\vc110.pdb
C:\Users\Lindsey\Documents\Visual Studio 2012\Projects\hierarchy\.\Debug\SimpleGlut.exe
