Build started 5/28/2014 7:57:29 AM.
     1>Project "C:\Users\Lindsey\Documents\Visual Studio 2012\Projects\hierarchy\SimpleGLUT.vcxproj" on node 2 (Build target(s)).
     1>ClCompile:
         C:\Program Files (x86)\Microsoft Visual Studio 11.0\VC\bin\CL.exe /c /IE:\Eigen\ /IC:\boost_1_55_0\ /ZI /nologo /W3 /WX- /Od /Oy- /D WIN32 /D _DEBUG /D _CONSOLE /D _VC80_UPGRADE=0x0600 /D _MBCS /Gm /EHsc /RTC1 /MTd /GS /fp:precise /Zc:wchar_t /Zc:forScope /Fo".\Debug/" /Fd".\Debug/vc110.pdb" /Gd /TP /analyze- /errorReport:prompt Joint.cpp Link.cpp Trajectory.cpp lab02.cpp
         lab02.cpp
     1>c:\users\lindsey\documents\visual studio 2012\projects\hierarchy\polygon.h(78): warning C4018: '<' : signed/unsigned mismatch
     1>c:\users\lindsey\documents\visual studio 2012\projects\hierarchy\modelview.h(104): warning C4018: '<' : signed/unsigned mismatch
     1>c:\users\lindsey\documents\visual studio 2012\projects\hierarchy\modelview.h(117): warning C4018: '<' : signed/unsigned mismatch
     1>c:\users\lindsey\documents\visual studio 2012\projects\hierarchy\modelview.h(128): warning C4018: '<' : signed/unsigned mismatch
     1>c:\users\lindsey\documents\visual studio 2012\projects\hierarchy\joint.h(22): error C2143: syntax error : missing ';' before '*'
     1>c:\users\lindsey\documents\visual studio 2012\projects\hierarchy\joint.h(22): error C4430: missing type specifier - int assumed. Note: C++ does not support default-int
     1>c:\users\lindsey\documents\visual studio 2012\projects\hierarchy\actor.h(14): error C2143: syntax error : missing ';' before '*'
     1>c:\users\lindsey\documents\visual studio 2012\projects\hierarchy\actor.h(14): error C4430: missing type specifier - int assumed. Note: C++ does not support default-int
     1>c:\users\lindsey\documents\visual studio 2012\projects\hierarchy\actor.h(19): error C2065: 'path' : undeclared identifier
     1>c:\users\lindsey\documents\visual studio 2012\projects\hierarchy\actor.h(19): error C2061: syntax error : identifier 'Trajectory'
     1>c:\users\lindsey\documents\visual studio 2012\projects\hierarchy\actor.h(20): error C2065: 'path' : undeclared identifier
     1>c:\users\lindsey\documents\visual studio 2012\projects\hierarchy\actor.h(20): error C2227: left of '->generateGeneralControlPoints' must point to class/struct/union/generic type
                 type is ''unknown-type''
     1>c:\users\lindsey\documents\visual studio 2012\projects\hierarchy\actor.h(26): error C2065: 'path' : undeclared identifier
     1>c:\users\lindsey\documents\visual studio 2012\projects\hierarchy\actor.h(26): error C2061: syntax error : identifier 'Trajectory'
     1>c:\users\lindsey\documents\visual studio 2012\projects\hierarchy\actor.h(27): error C2065: 'path' : undeclared identifier
     1>c:\users\lindsey\documents\visual studio 2012\projects\hierarchy\actor.h(27): error C2227: left of '->generateGeneralControlPoints' must point to class/struct/union/generic type
                 type is ''unknown-type''
     1>c:\users\lindsey\documents\visual studio 2012\projects\hierarchy\actor.h(32): error C2065: 'path' : undeclared identifier
     1>c:\users\lindsey\documents\visual studio 2012\projects\hierarchy\actor.h(32): error C2541: 'delete' : cannot delete objects that are not pointers
     1>c:\users\lindsey\documents\visual studio 2012\projects\hierarchy\actor.h(36): error C2065: 'path' : undeclared identifier
     1>c:\users\lindsey\documents\visual studio 2012\projects\hierarchy\actor.h(36): error C2227: left of '->update' must point to class/struct/union/generic type
                 type is ''unknown-type''
     1>c:\users\lindsey\documents\visual studio 2012\projects\hierarchy\actor.h(48): error C2065: 'path' : undeclared identifier
     1>c:\users\lindsey\documents\visual studio 2012\projects\hierarchy\actor.h(48): error C2227: left of '->generateGeneralControlPoints' must point to class/struct/union/generic type
                 type is ''unknown-type''
     1>c:\users\lindsey\documents\visual studio 2012\projects\hierarchy\flock.h(266): warning C4018: '<' : signed/unsigned mismatch
     1>c:\users\lindsey\documents\visual studio 2012\projects\hierarchy\renderer.h(37): error C2061: syntax error : identifier 'Trajectory'
     1>c:\users\lindsey\documents\visual studio 2012\projects\hierarchy\renderer.h(43): error C2065: 'path' : undeclared identifier
     1>c:\users\lindsey\documents\visual studio 2012\projects\hierarchy\renderer.h(43): error C2227: left of '->pointsAlongPath' must point to class/struct/union/generic type
                 type is ''unknown-type''
     1>c:\users\lindsey\documents\visual studio 2012\projects\hierarchy\renderer.h(43): error C2228: left of '.begin' must have class/struct/union
     1>c:\users\lindsey\documents\visual studio 2012\projects\hierarchy\renderer.h(43): error C2228: left of '.end' must have class/struct/union
         Trajectory.cpp
     1>c:\users\lindsey\documents\visual studio 2012\projects\hierarchy\polygon.h(78): warning C4018: '<' : signed/unsigned mismatch
     1>c:\users\lindsey\documents\visual studio 2012\projects\hierarchy\modelview.h(104): warning C4018: '<' : signed/unsigned mismatch
     1>c:\users\lindsey\documents\visual studio 2012\projects\hierarchy\modelview.h(117): warning C4018: '<' : signed/unsigned mismatch
     1>c:\users\lindsey\documents\visual studio 2012\projects\hierarchy\modelview.h(128): warning C4018: '<' : signed/unsigned mismatch
     1>c:\users\lindsey\documents\visual studio 2012\projects\hierarchy\joint.h(22): error C2143: syntax error : missing ';' before '*'
     1>c:\users\lindsey\documents\visual studio 2012\projects\hierarchy\joint.h(22): error C4430: missing type specifier - int assumed. Note: C++ does not support default-int
     1>c:\users\lindsey\documents\visual studio 2012\projects\hierarchy\actor.h(14): error C2143: syntax error : missing ';' before '*'
     1>c:\users\lindsey\documents\visual studio 2012\projects\hierarchy\actor.h(14): error C4430: missing type specifier - int assumed. Note: C++ does not support default-int
     1>c:\users\lindsey\documents\visual studio 2012\projects\hierarchy\actor.h(19): error C2065: 'path' : undeclared identifier
     1>c:\users\lindsey\documents\visual studio 2012\projects\hierarchy\actor.h(19): error C2061: syntax error : identifier 'Trajectory'
     1>c:\users\lindsey\documents\visual studio 2012\projects\hierarchy\actor.h(20): error C2065: 'path' : undeclared identifier
     1>c:\users\lindsey\documents\visual studio 2012\projects\hierarchy\actor.h(20): error C2227: left of '->generateGeneralControlPoints' must point to class/struct/union/generic type
                 type is ''unknown-type''
     1>c:\users\lindsey\documents\visual studio 2012\projects\hierarchy\actor.h(26): error C2065: 'path' : undeclared identifier
     1>c:\users\lindsey\documents\visual studio 2012\projects\hierarchy\actor.h(26): error C2061: syntax error : identifier 'Trajectory'
     1>c:\users\lindsey\documents\visual studio 2012\projects\hierarchy\actor.h(27): error C2065: 'path' : undeclared identifier
     1>c:\users\lindsey\documents\visual studio 2012\projects\hierarchy\actor.h(27): error C2227: left of '->generateGeneralControlPoints' must point to class/struct/union/generic type
                 type is ''unknown-type''
     1>c:\users\lindsey\documents\visual studio 2012\projects\hierarchy\actor.h(32): error C2065: 'path' : undeclared identifier
     1>c:\users\lindsey\documents\visual studio 2012\projects\hierarchy\actor.h(32): error C2541: 'delete' : cannot delete objects that are not pointers
     1>c:\users\lindsey\documents\visual studio 2012\projects\hierarchy\actor.h(36): error C2065: 'path' : undeclared identifier
     1>c:\users\lindsey\documents\visual studio 2012\projects\hierarchy\actor.h(36): error C2227: left of '->update' must point to class/struct/union/generic type
                 type is ''unknown-type''
     1>c:\users\lindsey\documents\visual studio 2012\projects\hierarchy\actor.h(48): error C2065: 'path' : undeclared identifier
     1>c:\users\lindsey\documents\visual studio 2012\projects\hierarchy\actor.h(48): error C2227: left of '->generateGeneralControlPoints' must point to class/struct/union/generic type
                 type is ''unknown-type''
     1>c:\users\lindsey\documents\visual studio 2012\projects\hierarchy\flock.h(266): warning C4018: '<' : signed/unsigned mismatch
     1>c:\users\lindsey\documents\visual studio 2012\projects\hierarchy\renderer.h(37): error C2061: syntax error : identifier 'Trajectory'
     1>c:\users\lindsey\documents\visual studio 2012\projects\hierarchy\renderer.h(43): error C2065: 'path' : undeclared identifier
     1>c:\users\lindsey\documents\visual studio 2012\projects\hierarchy\renderer.h(43): error C2227: left of '->pointsAlongPath' must point to class/struct/union/generic type
                 type is ''unknown-type''
     1>c:\users\lindsey\documents\visual studio 2012\projects\hierarchy\renderer.h(43): error C2228: left of '.begin' must have class/struct/union
     1>c:\users\lindsey\documents\visual studio 2012\projects\hierarchy\renderer.h(43): error C2228: left of '.end' must have class/struct/union
     1>c:\users\lindsey\documents\visual studio 2012\projects\hierarchy\trajectory.cpp(97): error C2723: 'Trajectory::update' : 'virtual' specifier illegal on function definition
         Link.cpp
     1>c:\users\lindsey\documents\visual studio 2012\projects\hierarchy\polygon.h(78): warning C4018: '<' : signed/unsigned mismatch
     1>c:\users\lindsey\documents\visual studio 2012\projects\hierarchy\modelview.h(104): warning C4018: '<' : signed/unsigned mismatch
     1>c:\users\lindsey\documents\visual studio 2012\projects\hierarchy\modelview.h(117): warning C4018: '<' : signed/unsigned mismatch
     1>c:\users\lindsey\documents\visual studio 2012\projects\hierarchy\modelview.h(128): warning C4018: '<' : signed/unsigned mismatch
     1>c:\users\lindsey\documents\visual studio 2012\projects\hierarchy\actor.h(14): error C2143: syntax error : missing ';' before '*'
     1>c:\users\lindsey\documents\visual studio 2012\projects\hierarchy\actor.h(14): error C4430: missing type specifier - int assumed. Note: C++ does not support default-int
     1>c:\users\lindsey\documents\visual studio 2012\projects\hierarchy\actor.h(19): error C2065: 'path' : undeclared identifier
     1>c:\users\lindsey\documents\visual studio 2012\projects\hierarchy\actor.h(19): error C2061: syntax error : identifier 'Trajectory'
     1>c:\users\lindsey\documents\visual studio 2012\projects\hierarchy\actor.h(20): error C2065: 'path' : undeclared identifier
     1>c:\users\lindsey\documents\visual studio 2012\projects\hierarchy\actor.h(20): error C2227: left of '->generateGeneralControlPoints' must point to class/struct/union/generic type
                 type is ''unknown-type''
     1>c:\users\lindsey\documents\visual studio 2012\projects\hierarchy\actor.h(26): error C2065: 'path' : undeclared identifier
     1>c:\users\lindsey\documents\visual studio 2012\projects\hierarchy\actor.h(26): error C2061: syntax error : identifier 'Trajectory'
     1>c:\users\lindsey\documents\visual studio 2012\projects\hierarchy\actor.h(27): error C2065: 'path' : undeclared identifier
     1>c:\users\lindsey\documents\visual studio 2012\projects\hierarchy\actor.h(27): error C2227: left of '->generateGeneralControlPoints' must point to class/struct/union/generic type
                 type is ''unknown-type''
     1>c:\users\lindsey\documents\visual studio 2012\projects\hierarchy\actor.h(32): error C2065: 'path' : undeclared identifier
     1>c:\users\lindsey\documents\visual studio 2012\projects\hierarchy\actor.h(32): error C2541: 'delete' : cannot delete objects that are not pointers
     1>c:\users\lindsey\documents\visual studio 2012\projects\hierarchy\actor.h(36): error C2065: 'path' : undeclared identifier
     1>c:\users\lindsey\documents\visual studio 2012\projects\hierarchy\actor.h(36): error C2227: left of '->update' must point to class/struct/union/generic type
                 type is ''unknown-type''
     1>c:\users\lindsey\documents\visual studio 2012\projects\hierarchy\actor.h(48): error C2065: 'path' : undeclared identifier
     1>c:\users\lindsey\documents\visual studio 2012\projects\hierarchy\actor.h(48): error C2227: left of '->generateGeneralControlPoints' must point to class/struct/union/generic type
                 type is ''unknown-type''
     1>c:\users\lindsey\documents\visual studio 2012\projects\hierarchy\flock.h(266): warning C4018: '<' : signed/unsigned mismatch
     1>c:\users\lindsey\documents\visual studio 2012\projects\hierarchy\renderer.h(37): error C2061: syntax error : identifier 'Trajectory'
     1>c:\users\lindsey\documents\visual studio 2012\projects\hierarchy\renderer.h(43): error C2065: 'path' : undeclared identifier
     1>c:\users\lindsey\documents\visual studio 2012\projects\hierarchy\renderer.h(43): error C2227: left of '->pointsAlongPath' must point to class/struct/union/generic type
                 type is ''unknown-type''
     1>c:\users\lindsey\documents\visual studio 2012\projects\hierarchy\renderer.h(43): error C2228: left of '.begin' must have class/struct/union
     1>c:\users\lindsey\documents\visual studio 2012\projects\hierarchy\renderer.h(43): error C2228: left of '.end' must have class/struct/union
     1>c:\users\lindsey\documents\visual studio 2012\projects\hierarchy\renderer.h(205): error C2027: use of undefined type 'Joint'
                 c:\users\lindsey\documents\visual studio 2012\projects\hierarchy\link.h(11) : see declaration of 'Joint'
     1>c:\users\lindsey\documents\visual studio 2012\projects\hierarchy\renderer.h(205): error C2227: left of '->child' must point to class/struct/union/generic type
         Joint.cpp
     1>c:\users\lindsey\documents\visual studio 2012\projects\hierarchy\polygon.h(78): warning C4018: '<' : signed/unsigned mismatch
     1>c:\users\lindsey\documents\visual studio 2012\projects\hierarchy\modelview.h(104): warning C4018: '<' : signed/unsigned mismatch
     1>c:\users\lindsey\documents\visual studio 2012\projects\hierarchy\modelview.h(117): warning C4018: '<' : signed/unsigned mismatch
     1>c:\users\lindsey\documents\visual studio 2012\projects\hierarchy\modelview.h(128): warning C4018: '<' : signed/unsigned mismatch
     1>c:\users\lindsey\documents\visual studio 2012\projects\hierarchy\actor.h(14): error C2143: syntax error : missing ';' before '*'
     1>c:\users\lindsey\documents\visual studio 2012\projects\hierarchy\actor.h(14): error C4430: missing type specifier - int assumed. Note: C++ does not support default-int
     1>c:\users\lindsey\documents\visual studio 2012\projects\hierarchy\actor.h(19): error C2065: 'path' : undeclared identifier
     1>c:\users\lindsey\documents\visual studio 2012\projects\hierarchy\actor.h(19): error C2061: syntax error : identifier 'Trajectory'
     1>c:\users\lindsey\documents\visual studio 2012\projects\hierarchy\actor.h(20): error C2065: 'path' : undeclared identifier
     1>c:\users\lindsey\documents\visual studio 2012\projects\hierarchy\actor.h(20): error C2227: left of '->generateGeneralControlPoints' must point to class/struct/union/generic type
                 type is ''unknown-type''
     1>c:\users\lindsey\documents\visual studio 2012\projects\hierarchy\actor.h(26): error C2065: 'path' : undeclared identifier
     1>c:\users\lindsey\documents\visual studio 2012\projects\hierarchy\actor.h(26): error C2061: syntax error : identifier 'Trajectory'
     1>c:\users\lindsey\documents\visual studio 2012\projects\hierarchy\actor.h(27): error C2065: 'path' : undeclared identifier
     1>c:\users\lindsey\documents\visual studio 2012\projects\hierarchy\actor.h(27): error C2227: left of '->generateGeneralControlPoints' must point to class/struct/union/generic type
                 type is ''unknown-type''
     1>c:\users\lindsey\documents\visual studio 2012\projects\hierarchy\actor.h(32): error C2065: 'path' : undeclared identifier
     1>c:\users\lindsey\documents\visual studio 2012\projects\hierarchy\actor.h(32): error C2541: 'delete' : cannot delete objects that are not pointers
     1>c:\users\lindsey\documents\visual studio 2012\projects\hierarchy\actor.h(36): error C2065: 'path' : undeclared identifier
     1>c:\users\lindsey\documents\visual studio 2012\projects\hierarchy\actor.h(36): error C2227: left of '->update' must point to class/struct/union/generic type
                 type is ''unknown-type''
     1>c:\users\lindsey\documents\visual studio 2012\projects\hierarchy\actor.h(48): error C2065: 'path' : undeclared identifier
     1>c:\users\lindsey\documents\visual studio 2012\projects\hierarchy\actor.h(48): error C2227: left of '->generateGeneralControlPoints' must point to class/struct/union/generic type
                 type is ''unknown-type''
     1>c:\users\lindsey\documents\visual studio 2012\projects\hierarchy\flock.h(266): warning C4018: '<' : signed/unsigned mismatch
     1>c:\users\lindsey\documents\visual studio 2012\projects\hierarchy\renderer.h(37): error C2061: syntax error : identifier 'Trajectory'
     1>c:\users\lindsey\documents\visual studio 2012\projects\hierarchy\renderer.h(43): error C2065: 'path' : undeclared identifier
     1>c:\users\lindsey\documents\visual studio 2012\projects\hierarchy\renderer.h(43): error C2227: left of '->pointsAlongPath' must point to class/struct/union/generic type
                 type is ''unknown-type''
     1>c:\users\lindsey\documents\visual studio 2012\projects\hierarchy\renderer.h(43): error C2228: left of '.begin' must have class/struct/union
     1>c:\users\lindsey\documents\visual studio 2012\projects\hierarchy\renderer.h(43): error C2228: left of '.end' must have class/struct/union
     1>c:\users\lindsey\documents\visual studio 2012\projects\hierarchy\renderer.h(205): error C2027: use of undefined type 'Joint'
                 c:\users\lindsey\documents\visual studio 2012\projects\hierarchy\link.h(11) : see declaration of 'Joint'
     1>c:\users\lindsey\documents\visual studio 2012\projects\hierarchy\renderer.h(205): error C2227: left of '->child' must point to class/struct/union/generic type
         Generating Code...
     1>Done Building Project "C:\Users\Lindsey\Documents\Visual Studio 2012\Projects\hierarchy\SimpleGLUT.vcxproj" (Build target(s)) -- FAILED.

Build FAILED.

Time Elapsed 00:00:12.25
