Build started 7/12/2014 9:01:13 AM.
     1>Project "C:\Users\Lindsey\Documents\Visual Studio 2012\Projects\hierarchy\lab01\lab01.vcxproj" on node 2 (Build target(s)).
     1>Link:
         C:\Program Files (x86)\Microsoft Visual Studio 11.0\VC\bin\link.exe /ERRORREPORT:PROMPT /OUT:"C:\Users\Lindsey\Documents\Visual Studio 2012\Projects\hierarchy\lab01\Debug\lab01.exe" /INCREMENTAL /NOLOGO odbc32.lib odbccp32.lib opengl32.lib glu32.lib glut32.lib kernel32.lib user32.lib gdi32.lib winspool.lib comdlg32.lib advapi32.lib shell32.lib ole32.lib oleaut32.lib uuid.lib odbc32.lib odbccp32.lib /MANIFEST /MANIFESTUAC:"level='asInvoker' uiAccess='false'" /manifest:embed /DEBUG /PDB:"C:\Users\Lindsey\Documents\Visual Studio 2012\Projects\hierarchy\lab01\Debug\lab01.pdb" /SUBSYSTEM:WINDOWS /TLBID:1 /DYNAMICBASE /NXCOMPAT /IMPLIB:"C:\Users\Lindsey\Documents\Visual Studio 2012\Projects\hierarchy\lab01\Debug\lab01.lib" /MACHINE:X86 Debug\lab01.obj
         Debug\StdAfx.obj
     1>lab01.obj : error LNK2019: unresolved external symbol __imp__glewInit@0 referenced in function "void __cdecl init(void)" (?init@@YAXXZ)
     1>lab01.obj : error LNK2019: unresolved external symbol __imp__glewGetErrorString@4 referenced in function "void __cdecl init(void)" (?init@@YAXXZ)
     1>lab01.obj : error LNK2019: unresolved external symbol __imp__glewGetString@4 referenced in function "void __cdecl init(void)" (?init@@YAXXZ)
     1>lab01.obj : error LNK2019: unresolved external symbol "public: bool __thiscall Link::isNull(void)" (?isNull@Link@@QAE_NXZ) referenced in function "public: static void __cdecl Renderer::draw(class Link *)" (?draw@Renderer@@SAXPAVLink@@@Z)
     1>lab01.obj : error LNK2001: unresolved external symbol __imp____glewAttachShader
     1>lab01.obj : error LNK2001: unresolved external symbol __imp____glewCompileShader
     1>lab01.obj : error LNK2001: unresolved external symbol __imp____glewCreateProgram
     1>lab01.obj : error LNK2001: unresolved external symbol __imp____glewCreateShader
     1>lab01.obj : error LNK2001: unresolved external symbol __imp____glewGetProgramInfoLog
     1>lab01.obj : error LNK2001: unresolved external symbol __imp____glewGetProgramiv
     1>lab01.obj : error LNK2001: unresolved external symbol __imp____glewGetShaderInfoLog
     1>lab01.obj : error LNK2001: unresolved external symbol __imp____glewGetShaderiv
     1>lab01.obj : error LNK2001: unresolved external symbol __imp____glewLinkProgram
     1>lab01.obj : error LNK2001: unresolved external symbol __imp____glewShaderSource
     1>lab01.obj : error LNK2001: unresolved external symbol __imp____glewUseProgram
     1>MSVCRTD.lib(crtexew.obj) : error LNK2019: unresolved external symbol _WinMain@16 referenced in function ___tmainCRTStartup
     1>C:\Users\Lindsey\Documents\Visual Studio 2012\Projects\hierarchy\lab01\Debug\lab01.exe : fatal error LNK1120: 16 unresolved externals
     1>Done Building Project "C:\Users\Lindsey\Documents\Visual Studio 2012\Projects\hierarchy\lab01\lab01.vcxproj" (Build target(s)) -- FAILED.

Build FAILED.

Time Elapsed 00:00:01.19
